
> techonsy-pvt-ltd@2.0.0 check
> tsc --noEmit

src/app/services/BlockChain/BlockChainDevelopmentProcess.tsx(5,165): error TS2307: Cannot find module 'react-icons/hi' or its corresponding type declarations.
src/app/services/BlockChain/BlockChainDevelopmentProcess.tsx(7,33): error TS2307: Cannot find module 'react-icons/hi2' or its corresponding type declarations.
src/app/services/BlockChain/BlockChainIndustrySection.tsx(11,8): error TS2307: Cannot find module 'react-icons/fa' or its corresponding type declarations.
src/app/services/CloudComputing/CCBenefits.tsx(4,105): error TS2307: Cannot find module 'react-icons/fa' or its corresponding type declarations.
src/app/services/CloudComputing/CCIndustrySection.tsx(11,8): error TS2307: Cannot find module 'react-icons/fa' or its corresponding type declarations.
src/app/services/CloudComputing/CCModels.tsx(4,82): error TS2307: Cannot find module 'react-icons/fa' or its corresponding type declarations.
src/app/services/CloudComputing/CCTechStack.tsx(4,66): error TS2307: Cannot find module 'react-icons/fa' or its corresponding type declarations.
src/app/services/CloudComputing/CCTechStack.tsx(5,116): error TS2307: Cannot find module 'react-icons/si' or its corresponding type declarations.
src/app/services/consulting-services/data.tsx(2,176): error TS2307: Cannot find module 'react-icons/gi' or its corresponding type declarations.
src/app/services/consulting-services/data.tsx(3,102): error TS2307: Cannot find module 'react-icons/gi' or its corresponding type declarations.
src/app/services/consulting-services/data.tsx(4,34): error TS2307: Cannot find module 'react-icons/ci' or its corresponding type declarations.
src/app/services/IOT/IotIndustrySection.tsx(11,8): error TS2307: Cannot find module 'react-icons/fa' or its corresponding type declarations.
src/app/services/maintenancesupport/data.tsx(1,63): error TS2307: Cannot find module 'react-icons/fa' or its corresponding type declarations.
src/app/services/MobileApp/MobileApphero.tsx(5,75): error TS2307: Cannot find module 'react-icons/fa' or its corresponding type declarations.
src/app/services/MobileApp/MobileTechnologies.tsx(5,57): error TS2307: Cannot find module 'react-icons/fa' or its corresponding type declarations.
src/app/services/MobileApp/MobileTechnologies.tsx(6,27): error TS2307: Cannot find module 'react-icons/si' or its corresponding type declarations.
src/app/services/NFTMarketplace/FeaturesSection.tsx(4,81): error TS2307: Cannot find module 'react-icons/fa' or its corresponding type declarations.
src/app/services/web/IndustryWeServe.tsx(11,8): error TS2307: Cannot find module 'react-icons/fa' or its corresponding type declarations.
src/app/services/web/Technologies.tsx(4,71): error TS2307: Cannot find module 'react-icons/fa' or its corresponding type declarations.
src/app/services/web/Technologies.tsx(5,72): error TS2307: Cannot find module 'react-icons/si' or its corresponding type declarations.
src/app/technology/backend/java/Hero.tsx(1,31): error TS2307: Cannot find module 'react-icons/fa' or its corresponding type declarations.
src/app/technology/backend/java/JavaServices.tsx(4,96): error TS2307: Cannot find module 'react-icons/fa' or its corresponding type declarations.
src/app/technology/backend/nodejs/experianceacross.tsx(4,37): error TS2307: Cannot find module 'react-icons/ri' or its corresponding type declarations.
src/app/technology/backend/nodejs/experianceacross.tsx(5,32): error TS2307: Cannot find module 'react-icons/gi' or its corresponding type declarations.
src/app/technology/backend/nodejs/experianceacross.tsx(6,24): error TS2307: Cannot find module 'react-icons/fa' or its corresponding type declarations.
src/app/technology/backend/nodejs/experianceacross.tsx(7,30): error TS2307: Cannot find module 'react-icons/gr' or its corresponding type declarations.
src/app/technology/backend/nodejs/experianceacross.tsx(8,42): error TS2307: Cannot find module 'react-icons/md' or its corresponding type declarations.
src/app/technology/backend/nodejs/experianceacross.tsx(9,26): error TS2307: Cannot find module 'react-icons/fa' or its corresponding type declarations.
src/app/technology/backend/nodejs/performance.tsx(5,67): error TS2307: Cannot find module 'react-icons/fa' or its corresponding type declarations.
src/app/technology/backend/python/data.tsx(2,76): error TS2307: Cannot find module 'react-icons/fa' or its corresponding type declarations.
src/app/technology/backend/python/data.tsx(3,119): error TS2307: Cannot find module 'react-icons/fa' or its corresponding type declarations.
src/app/technology/cloud-services/aws/Experience.tsx(4,37): error TS2307: Cannot find module 'react-icons/ri' or its corresponding type declarations.
src/app/technology/cloud-services/aws/Experience.tsx(5,32): error TS2307: Cannot find module 'react-icons/gi' or its corresponding type declarations.
src/app/technology/cloud-services/aws/Experience.tsx(6,24): error TS2307: Cannot find module 'react-icons/fa' or its corresponding type declarations.
src/app/technology/cloud-services/aws/Experience.tsx(7,30): error TS2307: Cannot find module 'react-icons/gr' or its corresponding type declarations.
src/app/technology/cloud-services/aws/Experience.tsx(8,42): error TS2307: Cannot find module 'react-icons/md' or its corresponding type declarations.
src/app/technology/cloud-services/aws/Experience.tsx(9,26): error TS2307: Cannot find module 'react-icons/fa' or its corresponding type declarations.
src/app/technology/cloud-services/azure/Benefits.tsx(4,80): error TS2307: Cannot find module 'react-icons/fa' or its corresponding type declarations.
src/app/technology/cloud-services/azure/ExperienceAcross.tsx(4,37): error TS2307: Cannot find module 'react-icons/ri' or its corresponding type declarations.
src/app/technology/cloud-services/azure/ExperienceAcross.tsx(5,32): error TS2307: Cannot find module 'react-icons/gi' or its corresponding type declarations.
src/app/technology/cloud-services/azure/ExperienceAcross.tsx(6,24): error TS2307: Cannot find module 'react-icons/fa' or its corresponding type declarations.
src/app/technology/cloud-services/azure/ExperienceAcross.tsx(7,30): error TS2307: Cannot find module 'react-icons/gr' or its corresponding type declarations.
src/app/technology/cloud-services/azure/ExperienceAcross.tsx(8,42): error TS2307: Cannot find module 'react-icons/md' or its corresponding type declarations.
src/app/technology/cloud-services/azure/ExperienceAcross.tsx(9,26): error TS2307: Cannot find module 'react-icons/fa' or its corresponding type declarations.
src/app/technology/cloud-services/azure/expertise.tsx(5,105): error TS2307: Cannot find module 'react-icons/fa' or its corresponding type declarations.
src/app/technology/cloud-services/azure/services.tsx(4,56): error TS2307: Cannot find module 'react-icons/fa' or its corresponding type declarations.
src/app/technology/cloud-services/google-cloud/capabilities.tsx(4,81): error TS2307: Cannot find module 'react-icons/fa' or its corresponding type declarations.
src/app/technology/cloud-services/google-cloud/exp.tsx(4,30): error TS2307: Cannot find module 'react-icons/bs' or its corresponding type declarations.
src/app/technology/Databases/firebase/FeaturesGrid.tsx(2,74): error TS2307: Cannot find module 'react-icons/fa' or its corresponding type declarations.
src/app/technology/Databases/mysql/experianceacross.tsx(4,37): error TS2307: Cannot find module 'react-icons/ri' or its corresponding type declarations.
src/app/technology/Databases/mysql/experianceacross.tsx(5,32): error TS2307: Cannot find module 'react-icons/gi' or its corresponding type declarations.
src/app/technology/Databases/mysql/experianceacross.tsx(6,24): error TS2307: Cannot find module 'react-icons/fa' or its corresponding type declarations.
src/app/technology/Databases/mysql/experianceacross.tsx(7,30): error TS2307: Cannot find module 'react-icons/gr' or its corresponding type declarations.
src/app/technology/Databases/mysql/experianceacross.tsx(8,42): error TS2307: Cannot find module 'react-icons/md' or its corresponding type declarations.
src/app/technology/Databases/mysql/experianceacross.tsx(9,26): error TS2307: Cannot find module 'react-icons/fa' or its corresponding type declarations.
src/app/technology/Databases/supabase/ExperienceAcross.tsx(4,37): error TS2307: Cannot find module 'react-icons/ri' or its corresponding type declarations.
src/app/technology/Databases/supabase/ExperienceAcross.tsx(5,32): error TS2307: Cannot find module 'react-icons/gi' or its corresponding type declarations.
src/app/technology/Databases/supabase/ExperienceAcross.tsx(6,24): error TS2307: Cannot find module 'react-icons/fa' or its corresponding type declarations.
src/app/technology/Databases/supabase/ExperienceAcross.tsx(7,30): error TS2307: Cannot find module 'react-icons/gr' or its corresponding type declarations.
src/app/technology/Databases/supabase/ExperienceAcross.tsx(8,42): error TS2307: Cannot find module 'react-icons/md' or its corresponding type declarations.
src/app/technology/Databases/supabase/ExperienceAcross.tsx(9,26): error TS2307: Cannot find module 'react-icons/fa' or its corresponding type declarations.
src/app/technology/Databases/supabase/section.tsx(4,77): error TS2307: Cannot find module 'react-icons/fa' or its corresponding type declarations.
src/app/technology/Databases/supabase/select.tsx(4,60): error TS2307: Cannot find module 'react-icons/fa' or its corresponding type declarations.
src/app/technology/devops_infrastructure/devops/DevOpsServices.tsx(5,71): error TS2307: Cannot find module 'react-icons/fa' or its corresponding type declarations.
src/app/technology/devops_infrastructure/jenkins/Features.tsx(5,60): error TS2307: Cannot find module 'react-icons/fa' or its corresponding type declarations.
src/app/technology/devops_infrastructure/jenkins/Services.tsx(6,61): error TS2307: Cannot find module 'react-icons/fa' or its corresponding type declarations.
src/app/technology/devops_infrastructure/rag/Integration.tsx(2,51): error TS2307: Cannot find module 'react-icons/fa6' or its corresponding type declarations.
src/app/technology/devops_infrastructure/rag/Integration.tsx(6,8): error TS2307: Cannot find module 'react-icons/fa' or its corresponding type declarations.
src/app/technology/devops_infrastructure/rag/Integration.tsx(10,8): error TS2307: Cannot find module 'react-icons/hi2' or its corresponding type declarations.
src/app/technology/devops_infrastructure/rag/Integration.tsx(11,24): error TS2307: Cannot find module 'react-icons/lu' or its corresponding type declarations.
src/app/technology/devops_infrastructure/rag/Integration.tsx(12,46): error TS2307: Cannot find module 'react-icons/tb' or its corresponding type declarations.
src/app/technology/frontend/Angular/AngularBanner.tsx(5,30): error TS2307: Cannot find module 'react-icons/fa' or its corresponding type declarations.
src/app/technology/frontend/Angular/AngularIndustry.tsx(2,112): error TS2307: Cannot find module 'react-icons/fa' or its corresponding type declarations.
src/app/technology/frontend/javascript/data.tsx(2,72): error TS2307: Cannot find module 'react-icons/fa' or its corresponding type declarations.
src/app/technology/frontend/javascript/data.tsx(3,25): error TS2307: Cannot find module 'react-icons/fa6' or its corresponding type declarations.
src/app/technology/frontend/javascript/data.tsx(4,41): error TS2307: Cannot find module 'react-icons/md' or its corresponding type declarations.
src/app/technology/frontend/javascript/data.tsx(5,29): error TS2307: Cannot find module 'react-icons/hi' or its corresponding type declarations.
src/app/technology/frontend/javascript/data.tsx(6,40): error TS2307: Cannot find module 'react-icons/ri' or its corresponding type declarations.
src/app/technology/frontend/javascript/data.tsx(7,26): error TS2307: Cannot find module 'react-icons/gi' or its corresponding type declarations.
src/app/technology/frontend/reactjs/DevelopmentProcess.tsx(4,31): error TS2307: Cannot find module 'react-icons/fa' or its corresponding type declarations.
src/app/technology/full-stack-frameworks/mean-stack/Industries.tsx(2,119): error TS2307: Cannot find module 'react-icons/fa' or its corresponding type declarations.
src/app/technology/full-stack-frameworks/mean-stack/MeanStackProcess.tsx(5,64): error TS2307: Cannot find module 'react-icons/fa' or its corresponding type declarations.
src/app/technology/full-stack-frameworks/mern-stack/benifits.tsx(4,94): error TS2307: Cannot find module 'react-icons/fa' or its corresponding type declarations.
src/app/technology/full-stack-frameworks/mern-stack/choose.tsx(4,58): error TS2307: Cannot find module 'react-icons/fa' or its corresponding type declarations.
src/app/technology/full-stack-frameworks/mern-stack/services.tsx(4,83): error TS2307: Cannot find module 'react-icons/fa' or its corresponding type declarations.
src/app/technology/full-stack-frameworks/mern-stack/workwithus.tsx(4,37): error TS2307: Cannot find module 'react-icons/ri' or its corresponding type declarations.
src/app/technology/full-stack-frameworks/mern-stack/workwithus.tsx(5,32): error TS2307: Cannot find module 'react-icons/gi' or its corresponding type declarations.
src/app/technology/full-stack-frameworks/mern-stack/workwithus.tsx(6,24): error TS2307: Cannot find module 'react-icons/fa' or its corresponding type declarations.
src/app/technology/full-stack-frameworks/mern-stack/workwithus.tsx(7,30): error TS2307: Cannot find module 'react-icons/gr' or its corresponding type declarations.
src/app/technology/full-stack-frameworks/mern-stack/workwithus.tsx(8,42): error TS2307: Cannot find module 'react-icons/md' or its corresponding type declarations.
src/app/technology/full-stack-frameworks/mern-stack/workwithus.tsx(9,26): error TS2307: Cannot find module 'react-icons/fa' or its corresponding type declarations.
src/app/technology/full-stack-frameworks/next/ExpertiseSection.tsx(2,81): error TS2307: Cannot find module 'react-icons/fa' or its corresponding type declarations.
src/app/technology/full-stack-frameworks/next/industries.tsx(2,119): error TS2307: Cannot find module 'react-icons/fa' or its corresponding type declarations.
src/app/technology/MobileDevelopment/Android/AndroidAdvantage.tsx(4,57): error TS2307: Cannot find module 'react-icons/fa' or its corresponding type declarations.
src/app/technology/MobileDevelopment/Android/AndroidDevelopmentProcess.tsx(5,44): error TS2307: Cannot find module 'react-icons/fa' or its corresponding type declarations.
src/app/technology/MobileDevelopment/Android/AndroidDevelopmentProcess.tsx(6,98): error TS2307: Cannot find module 'react-icons/hi2' or its corresponding type declarations.
src/app/technology/MobileDevelopment/Android/IndustriesWeServe.tsx(4,132): error TS2307: Cannot find module 'react-icons/fa' or its corresponding type declarations.
src/app/technology/MobileDevelopment/flutter/process.tsx(4,91): error TS2307: Cannot find module 'react-icons/fa' or its corresponding type declarations.
src/app/technology/MobileDevelopment/IOS/IndustriesWeServe.tsx(4,82): error TS2307: Cannot find module 'react-icons/fa' or its corresponding type declarations.
src/app/technology/MobileDevelopment/IOS/IosProcess.tsx(3,64): error TS2307: Cannot find module 'react-icons/fa' or its corresponding type declarations.
src/app/technology/MobileDevelopment/IOS/IosProcess.tsx(4,45): error TS2307: Cannot find module 'react-icons/tb' or its corresponding type declarations.
src/app/technology/MobileDevelopment/react_native/Expertise.tsx(2,83): error TS2307: Cannot find module 'react-icons/fa' or its corresponding type declarations.
src/app/technology/MobileDevelopment/react_native/Industries.tsx(2,119): error TS2307: Cannot find module 'react-icons/fa' or its corresponding type declarations.
src/app/technology/MobileDevelopment/react_native/TechTools.tsx(3,93): error TS2307: Cannot find module 'react-icons/fa' or its corresponding type declarations.
src/components/Header/index.tsx(6,29): error TS2307: Cannot find module 'react-icons/fi' or its corresponding type declarations.
